<?xml version="1.0" encoding="UTF-8"?>
<testsuite xmlns:xsi="http://www.w3.org/2001/XMLSchema-instance" xsi:noNamespaceSchemaLocation="https://maven.apache.org/surefire/maven-surefire-plugin/xsd/surefire-test-report-3.0.xsd" version="3.0" name="com.rpncalculator.util.FileProcessorTest" time="0.051" tests="3" errors="0" skipped="0" failures="0">
  <properties>
    <property name="java.specification.version" value="17"/>
    <property name="sun.jnu.encoding" value="UTF-8"/>
    <property name="java.class.path" value="/Users/deepakrath/IdeaProjects/RPNCalculator/target/test-classes:/Users/deepakrath/IdeaProjects/RPNCalculator/target/classes:/Users/deepakrath/.m2/repository/org/slf4j/slf4j-api/1.7.32/slf4j-api-1.7.32.jar:/Users/deepakrath/.m2/repository/ch/qos/logback/logback-classic/1.2.6/logback-classic-1.2.6.jar:/Users/deepakrath/.m2/repository/ch/qos/logback/logback-core/1.2.6/logback-core-1.2.6.jar:/Users/deepakrath/.m2/repository/org/junit/jupiter/junit-jupiter-api/5.8.1/junit-jupiter-api-5.8.1.jar:/Users/deepakrath/.m2/repository/org/opentest4j/opentest4j/1.2.0/opentest4j-1.2.0.jar:/Users/deepakrath/.m2/repository/org/junit/platform/junit-platform-commons/1.8.1/junit-platform-commons-1.8.1.jar:/Users/deepakrath/.m2/repository/org/apiguardian/apiguardian-api/1.1.2/apiguardian-api-1.1.2.jar:/Users/deepakrath/.m2/repository/org/junit/jupiter/junit-jupiter-engine/5.8.1/junit-jupiter-engine-5.8.1.jar:/Users/deepakrath/.m2/repository/org/junit/platform/junit-platform-engine/1.8.1/junit-platform-engine-1.8.1.jar:"/>
    <property name="java.vm.vendor" value="Amazon.com Inc."/>
    <property name="sun.arch.data.model" value="64"/>
    <property name="java.vendor.url" value="https://aws.amazon.com/corretto/"/>
    <property name="user.timezone" value="Europe/London"/>
    <property name="os.name" value="Mac OS X"/>
    <property name="java.vm.specification.version" value="17"/>
    <property name="sun.java.launcher" value="SUN_STANDARD"/>
    <property name="user.country" value="GB"/>
    <property name="sun.boot.library.path" value="/Users/deepakrath/Library/Java/JavaVirtualMachines/corretto-17.0.10/Contents/Home/lib"/>
    <property name="sun.java.command" value="/Users/deepakrath/IdeaProjects/RPNCalculator/target/surefire/surefirebooter-20250618134427867_3.jar /Users/deepakrath/IdeaProjects/RPNCalculator/target/surefire 2025-06-18T13-44-27_746-jvmRun1 surefire-20250618134427867_1tmp surefire_0-20250618134427867_2tmp"/>
    <property name="http.nonProxyHosts" value="local|*.local|169.254/16|*.169.254/16"/>
    <property name="jdk.debug" value="release"/>
    <property name="surefire.test.class.path" value="/Users/deepakrath/IdeaProjects/RPNCalculator/target/test-classes:/Users/deepakrath/IdeaProjects/RPNCalculator/target/classes:/Users/deepakrath/.m2/repository/org/slf4j/slf4j-api/1.7.32/slf4j-api-1.7.32.jar:/Users/deepakrath/.m2/repository/ch/qos/logback/logback-classic/1.2.6/logback-classic-1.2.6.jar:/Users/deepakrath/.m2/repository/ch/qos/logback/logback-core/1.2.6/logback-core-1.2.6.jar:/Users/deepakrath/.m2/repository/org/junit/jupiter/junit-jupiter-api/5.8.1/junit-jupiter-api-5.8.1.jar:/Users/deepakrath/.m2/repository/org/opentest4j/opentest4j/1.2.0/opentest4j-1.2.0.jar:/Users/deepakrath/.m2/repository/org/junit/platform/junit-platform-commons/1.8.1/junit-platform-commons-1.8.1.jar:/Users/deepakrath/.m2/repository/org/apiguardian/apiguardian-api/1.1.2/apiguardian-api-1.1.2.jar:/Users/deepakrath/.m2/repository/org/junit/jupiter/junit-jupiter-engine/5.8.1/junit-jupiter-engine-5.8.1.jar:/Users/deepakrath/.m2/repository/org/junit/platform/junit-platform-engine/1.8.1/junit-platform-engine-1.8.1.jar:"/>
    <property name="sun.cpu.endian" value="little"/>
    <property name="user.home" value="/Users/deepakrath"/>
    <property name="user.language" value="en"/>
    <property name="java.specification.vendor" value="Oracle Corporation"/>
    <property name="java.version.date" value="2024-01-16"/>
    <property name="java.home" value="/Users/deepakrath/Library/Java/JavaVirtualMachines/corretto-17.0.10/Contents/Home"/>
    <property name="file.separator" value="/"/>
    <property name="basedir" value="/Users/deepakrath/IdeaProjects/RPNCalculator"/>
    <property name="java.vm.compressedOopsMode" value="Zero based"/>
    <property name="line.separator" value="&#10;"/>
    <property name="java.vm.specification.vendor" value="Oracle Corporation"/>
    <property name="java.specification.name" value="Java Platform API Specification"/>
    <property name="surefire.real.class.path" value="/Users/deepakrath/IdeaProjects/RPNCalculator/target/surefire/surefirebooter-20250618134427867_3.jar"/>
    <property name="sun.management.compiler" value="HotSpot 64-Bit Tiered Compilers"/>
    <property name="ftp.nonProxyHosts" value="local|*.local|169.254/16|*.169.254/16"/>
    <property name="java.runtime.version" value="17.0.10+7-LTS"/>
    <property name="user.name" value="deepakrath"/>
    <property name="path.separator" value=":"/>
    <property name="os.version" value="12.7.1"/>
    <property name="java.runtime.name" value="OpenJDK Runtime Environment"/>
    <property name="file.encoding" value="UTF-8"/>
    <property name="java.vm.name" value="OpenJDK 64-Bit Server VM"/>
    <property name="java.vendor.version" value="Corretto-17.0.10.7.1"/>
    <property name="localRepository" value="/Users/deepakrath/.m2/repository"/>
    <property name="java.vendor.url.bug" value="https://github.com/corretto/corretto-17/issues/"/>
    <property name="java.io.tmpdir" value="/var/folders/l0/sj4mhv4d0bv6c25tjpljm7v40000gn/T/"/>
    <property name="idea.version" value="2025.1.1.1"/>
    <property name="java.version" value="17.0.10"/>
    <property name="user.dir" value="/Users/deepakrath/IdeaProjects/RPNCalculator"/>
    <property name="os.arch" value="x86_64"/>
    <property name="java.vm.specification.name" value="Java Virtual Machine Specification"/>
    <property name="native.encoding" value="UTF-8"/>
    <property name="java.library.path" value="/Users/deepakrath/Library/Java/Extensions:/Library/Java/Extensions:/Network/Library/Java/Extensions:/System/Library/Java/Extensions:/usr/lib/java:."/>
    <property name="java.vm.info" value="mixed mode, sharing"/>
    <property name="java.vendor" value="Amazon.com Inc."/>
    <property name="java.vm.version" value="17.0.10+7-LTS"/>
    <property name="sun.io.unicode.encoding" value="UnicodeBig"/>
    <property name="socksNonProxyHosts" value="local|*.local|169.254/16|*.169.254/16"/>
    <property name="java.class.version" value="61.0"/>
  </properties>
  <testcase name="testReadLines_NonExistentFile" classname="com.rpncalculator.util.FileProcessorTest" time="0.038">
    <system-out><![CDATA[13:44:28.765 [main] INFO  com.rpncalculator.util.FileProcessor - Attempting to read file: /var/folders/l0/sj4mhv4d0bv6c25tjpljm7v40000gn/T/junit1671219609344748388/non_existent_file.txt
13:44:28.769 [main] ERROR com.rpncalculator.util.FileProcessor - Error reading file /var/folders/l0/sj4mhv4d0bv6c25tjpljm7v40000gn/T/junit1671219609344748388/non_existent_file.txt: /var/folders/l0/sj4mhv4d0bv6c25tjpljm7v40000gn/T/junit1671219609344748388/non_existent_file.txt (No such file or directory)
]]></system-out>
  </testcase>
  <testcase name="testReadLines_EmptyFile" classname="com.rpncalculator.util.FileProcessorTest" time="0.004">
    <system-out><![CDATA[13:44:28.777 [main] INFO  com.rpncalculator.util.FileProcessor - Attempting to read file: /var/folders/l0/sj4mhv4d0bv6c25tjpljm7v40000gn/T/junit2400069811739634608/empty_file.txt
13:44:28.778 [main] INFO  com.rpncalculator.util.FileProcessor - Successfully read 0 lines from file: /var/folders/l0/sj4mhv4d0bv6c25tjpljm7v40000gn/T/junit2400069811739634608/empty_file.txt
]]></system-out>
  </testcase>
  <testcase name="testReadLines_ValidFile" classname="com.rpncalculator.util.FileProcessorTest" time="0.003">
    <system-out><![CDATA[13:44:28.783 [main] INFO  com.rpncalculator.util.FileProcessor - Attempting to read file: /var/folders/l0/sj4mhv4d0bv6c25tjpljm7v40000gn/T/junit1116396518339633654/test_input.txt
13:44:28.783 [main] INFO  com.rpncalculator.util.FileProcessor - Successfully read 3 lines from file: /var/folders/l0/sj4mhv4d0bv6c25tjpljm7v40000gn/T/junit1116396518339633654/test_input.txt
]]></system-out>
  </testcase>
</testsuite>